{"/mnt/c/Users/dopda/Desktop/CS-490-Senior-Project/tests/dm_play_script.js": {"path":"/mnt/c/Users/dopda/Desktop/CS-490-Senior-Project/tests/dm_play_script.js","statementMap":{"0":{"start":{"line":3,"column":10},"end":{"line":3,"column":27}},"1":{"start":{"line":6,"column":0},"end":{"line":473,"column":5}},"2":{"start":{"line":7,"column":4},"end":{"line":10,"column":6}},"3":{"start":{"line":18,"column":22},"end":{"line":18,"column":24}},"4":{"start":{"line":19,"column":21},"end":{"line":19,"column":25}},"5":{"start":{"line":20,"column":19},"end":{"line":20,"column":40}},"6":{"start":{"line":21,"column":18},"end":{"line":21,"column":38}},"7":{"start":{"line":25,"column":20},"end":{"line":44,"column":26}},"8":{"start":{"line":46,"column":4},"end":{"line":46,"column":26}},"9":{"start":{"line":52,"column":17},"end":{"line":52,"column":30}},"10":{"start":{"line":57,"column":4},"end":{"line":61,"column":7}},"11":{"start":{"line":58,"column":6},"end":{"line":58,"column":156}},"12":{"start":{"line":59,"column":6},"end":{"line":59,"column":36}},"13":{"start":{"line":60,"column":6},"end":{"line":60,"column":19}},"14":{"start":{"line":63,"column":4},"end":{"line":105,"column":7}},"15":{"start":{"line":67,"column":27},"end":{"line":67,"column":86}},"16":{"start":{"line":68,"column":6},"end":{"line":101,"column":9}},"17":{"start":{"line":69,"column":8},"end":{"line":74,"column":65}},"18":{"start":{"line":75,"column":8},"end":{"line":75,"column":21}},"19":{"start":{"line":77,"column":11},"end":{"line":101,"column":9}},"20":{"start":{"line":78,"column":8},"end":{"line":98,"column":9}},"21":{"start":{"line":80,"column":27},"end":{"line":80,"column":31}},"22":{"start":{"line":81,"column":10},"end":{"line":86,"column":11}},"23":{"start":{"line":82,"column":12},"end":{"line":82,"column":27}},"24":{"start":{"line":85,"column":12},"end":{"line":85,"column":40}},"25":{"start":{"line":92,"column":9},"end":{"line":97,"column":89}},"26":{"start":{"line":99,"column":8},"end":{"line":99,"column":21}},"27":{"start":{"line":104,"column":6},"end":{"line":104,"column":19}},"28":{"start":{"line":107,"column":4},"end":{"line":113,"column":7}},"29":{"start":{"line":108,"column":6},"end":{"line":111,"column":7}},"30":{"start":{"line":109,"column":8},"end":{"line":109,"column":108}},"31":{"start":{"line":110,"column":8},"end":{"line":110,"column":32}},"32":{"start":{"line":112,"column":6},"end":{"line":112,"column":19}},"33":{"start":{"line":115,"column":4},"end":{"line":118,"column":7}},"34":{"start":{"line":116,"column":6},"end":{"line":116,"column":76}},"35":{"start":{"line":117,"column":6},"end":{"line":117,"column":19}},"36":{"start":{"line":120,"column":4},"end":{"line":123,"column":7}},"37":{"start":{"line":121,"column":6},"end":{"line":121,"column":72}},"38":{"start":{"line":122,"column":6},"end":{"line":122,"column":19}},"39":{"start":{"line":125,"column":4},"end":{"line":131,"column":7}},"40":{"start":{"line":126,"column":6},"end":{"line":129,"column":7}},"41":{"start":{"line":127,"column":8},"end":{"line":127,"column":72}},"42":{"start":{"line":128,"column":8},"end":{"line":128,"column":21}},"43":{"start":{"line":130,"column":6},"end":{"line":130,"column":19}},"44":{"start":{"line":133,"column":4},"end":{"line":143,"column":7}},"45":{"start":{"line":134,"column":23},"end":{"line":134,"column":27}},"46":{"start":{"line":135,"column":6},"end":{"line":140,"column":7}},"47":{"start":{"line":136,"column":8},"end":{"line":136,"column":23}},"48":{"start":{"line":139,"column":8},"end":{"line":139,"column":36}},"49":{"start":{"line":141,"column":6},"end":{"line":141,"column":294}},"50":{"start":{"line":142,"column":6},"end":{"line":142,"column":19}},"51":{"start":{"line":145,"column":4},"end":{"line":148,"column":7}},"52":{"start":{"line":146,"column":6},"end":{"line":146,"column":114}},"53":{"start":{"line":147,"column":6},"end":{"line":147,"column":19}},"54":{"start":{"line":150,"column":4},"end":{"line":153,"column":7}},"55":{"start":{"line":151,"column":6},"end":{"line":151,"column":69}},"56":{"start":{"line":152,"column":6},"end":{"line":152,"column":19}},"57":{"start":{"line":156,"column":4},"end":{"line":158,"column":7}},"58":{"start":{"line":157,"column":6},"end":{"line":157,"column":49}},"59":{"start":{"line":160,"column":4},"end":{"line":162,"column":7}},"60":{"start":{"line":161,"column":6},"end":{"line":161,"column":74}},"61":{"start":{"line":165,"column":4},"end":{"line":221,"column":7}},"62":{"start":{"line":167,"column":6},"end":{"line":167,"column":43}},"63":{"start":{"line":168,"column":27},"end":{"line":168,"column":45}},"64":{"start":{"line":169,"column":31},"end":{"line":169,"column":85}},"65":{"start":{"line":170,"column":34},"end":{"line":170,"column":82}},"66":{"start":{"line":171,"column":21},"end":{"line":171,"column":79}},"67":{"start":{"line":172,"column":35},"end":{"line":172,"column":100}},"68":{"start":{"line":175,"column":6},"end":{"line":182,"column":7}},"69":{"start":{"line":176,"column":8},"end":{"line":180,"column":9}},"70":{"start":{"line":177,"column":10},"end":{"line":177,"column":47}},"71":{"start":{"line":178,"column":10},"end":{"line":179,"column":63}},"72":{"start":{"line":179,"column":10},"end":{"line":179,"column":61}},"73":{"start":{"line":181,"column":8},"end":{"line":181,"column":102}},"74":{"start":{"line":184,"column":6},"end":{"line":184,"column":47}},"75":{"start":{"line":185,"column":6},"end":{"line":185,"column":43}},"76":{"start":{"line":187,"column":6},"end":{"line":189,"column":7}},"77":{"start":{"line":188,"column":8},"end":{"line":188,"column":100}},"78":{"start":{"line":191,"column":6},"end":{"line":191,"column":33}},"79":{"start":{"line":195,"column":6},"end":{"line":211,"column":7}},"80":{"start":{"line":196,"column":28},"end":{"line":196,"column":42}},"81":{"start":{"line":197,"column":8},"end":{"line":197,"column":22}},"82":{"start":{"line":198,"column":8},"end":{"line":198,"column":81}},"83":{"start":{"line":200,"column":36},"end":{"line":200,"column":77}},"84":{"start":{"line":201,"column":8},"end":{"line":201,"column":84}},"85":{"start":{"line":204,"column":11},"end":{"line":211,"column":7}},"86":{"start":{"line":205,"column":28},"end":{"line":205,"column":51}},"87":{"start":{"line":206,"column":8},"end":{"line":206,"column":81}},"88":{"start":{"line":208,"column":36},"end":{"line":208,"column":77}},"89":{"start":{"line":209,"column":8},"end":{"line":209,"column":84}},"90":{"start":{"line":213,"column":6},"end":{"line":218,"column":7}},"91":{"start":{"line":214,"column":7},"end":{"line":214,"column":57}},"92":{"start":{"line":215,"column":7},"end":{"line":215,"column":58}},"93":{"start":{"line":216,"column":7},"end":{"line":216,"column":52}},"94":{"start":{"line":217,"column":7},"end":{"line":217,"column":54}},"95":{"start":{"line":223,"column":4},"end":{"line":231,"column":7}},"96":{"start":{"line":224,"column":16},"end":{"line":224,"column":42}},"97":{"start":{"line":225,"column":16},"end":{"line":225,"column":43}},"98":{"start":{"line":226,"column":16},"end":{"line":226,"column":43}},"99":{"start":{"line":227,"column":6},"end":{"line":227,"column":22}},"100":{"start":{"line":228,"column":6},"end":{"line":228,"column":22}},"101":{"start":{"line":229,"column":6},"end":{"line":229,"column":28}},"102":{"start":{"line":230,"column":6},"end":{"line":230,"column":82}},"103":{"start":{"line":234,"column":4},"end":{"line":256,"column":7}},"104":{"start":{"line":235,"column":20},"end":{"line":235,"column":25}},"105":{"start":{"line":237,"column":6},"end":{"line":242,"column":7}},"106":{"start":{"line":238,"column":8},"end":{"line":241,"column":9}},"107":{"start":{"line":239,"column":10},"end":{"line":239,"column":43}},"108":{"start":{"line":240,"column":10},"end":{"line":240,"column":25}},"109":{"start":{"line":244,"column":6},"end":{"line":246,"column":7}},"110":{"start":{"line":245,"column":8},"end":{"line":245,"column":75}},"111":{"start":{"line":248,"column":6},"end":{"line":252,"column":9}},"112":{"start":{"line":249,"column":8},"end":{"line":249,"column":59}},"113":{"start":{"line":254,"column":22},"end":{"line":254,"column":41}},"114":{"start":{"line":255,"column":6},"end":{"line":255,"column":45}},"115":{"start":{"line":258,"column":4},"end":{"line":277,"column":7}},"116":{"start":{"line":259,"column":16},"end":{"line":259,"column":70}},"117":{"start":{"line":260,"column":16},"end":{"line":260,"column":43}},"118":{"start":{"line":261,"column":16},"end":{"line":261,"column":43}},"119":{"start":{"line":262,"column":6},"end":{"line":262,"column":22}},"120":{"start":{"line":263,"column":6},"end":{"line":263,"column":22}},"121":{"start":{"line":275,"column":6},"end":{"line":275,"column":34}},"122":{"start":{"line":276,"column":6},"end":{"line":276,"column":84}},"123":{"start":{"line":279,"column":4},"end":{"line":287,"column":7}},"124":{"start":{"line":280,"column":6},"end":{"line":280,"column":52}},"125":{"start":{"line":281,"column":6},"end":{"line":281,"column":39}},"126":{"start":{"line":282,"column":21},"end":{"line":282,"column":44}},"127":{"start":{"line":283,"column":6},"end":{"line":286,"column":18}},"128":{"start":{"line":284,"column":8},"end":{"line":284,"column":55}},"129":{"start":{"line":285,"column":8},"end":{"line":285,"column":32}},"130":{"start":{"line":289,"column":4},"end":{"line":310,"column":7}},"131":{"start":{"line":290,"column":28},"end":{"line":290,"column":68}},"132":{"start":{"line":291,"column":6},"end":{"line":291,"column":21}},"133":{"start":{"line":295,"column":6},"end":{"line":295,"column":74}},"134":{"start":{"line":297,"column":34},"end":{"line":297,"column":70}},"135":{"start":{"line":298,"column":6},"end":{"line":298,"column":82}},"136":{"start":{"line":300,"column":6},"end":{"line":300,"column":57}},"137":{"start":{"line":301,"column":6},"end":{"line":301,"column":55}},"138":{"start":{"line":302,"column":6},"end":{"line":302,"column":54}},"139":{"start":{"line":303,"column":6},"end":{"line":303,"column":56}},"140":{"start":{"line":304,"column":6},"end":{"line":304,"column":50}},"141":{"start":{"line":305,"column":6},"end":{"line":305,"column":52}},"142":{"start":{"line":307,"column":6},"end":{"line":309,"column":7}},"143":{"start":{"line":308,"column":8},"end":{"line":308,"column":44}},"144":{"start":{"line":312,"column":4},"end":{"line":333,"column":7}},"145":{"start":{"line":313,"column":30},"end":{"line":313,"column":72}},"146":{"start":{"line":316,"column":6},"end":{"line":316,"column":35}},"147":{"start":{"line":318,"column":6},"end":{"line":318,"column":79}},"148":{"start":{"line":320,"column":6},"end":{"line":320,"column":51}},"149":{"start":{"line":321,"column":6},"end":{"line":321,"column":58}},"150":{"start":{"line":322,"column":6},"end":{"line":322,"column":56}},"151":{"start":{"line":323,"column":6},"end":{"line":323,"column":53}},"152":{"start":{"line":325,"column":36},"end":{"line":325,"column":74}},"153":{"start":{"line":326,"column":6},"end":{"line":326,"column":74}},"154":{"start":{"line":328,"column":6},"end":{"line":331,"column":7}},"155":{"start":{"line":329,"column":8},"end":{"line":329,"column":59}},"156":{"start":{"line":330,"column":8},"end":{"line":330,"column":53}},"157":{"start":{"line":332,"column":6},"end":{"line":332,"column":24}},"158":{"start":{"line":335,"column":4},"end":{"line":337,"column":7}},"159":{"start":{"line":336,"column":6},"end":{"line":336,"column":39}},"160":{"start":{"line":339,"column":4},"end":{"line":366,"column":7}},"161":{"start":{"line":342,"column":23},"end":{"line":342,"column":27}},"162":{"start":{"line":343,"column":6},"end":{"line":348,"column":7}},"163":{"start":{"line":344,"column":8},"end":{"line":344,"column":23}},"164":{"start":{"line":347,"column":8},"end":{"line":347,"column":36}},"165":{"start":{"line":349,"column":36},"end":{"line":349,"column":83}},"166":{"start":{"line":350,"column":32},"end":{"line":350,"column":79}},"167":{"start":{"line":351,"column":6},"end":{"line":351,"column":30}},"168":{"start":{"line":354,"column":6},"end":{"line":354,"column":35}},"169":{"start":{"line":356,"column":6},"end":{"line":356,"column":94}},"170":{"start":{"line":357,"column":6},"end":{"line":357,"column":83}},"171":{"start":{"line":359,"column":34},"end":{"line":359,"column":79}},"172":{"start":{"line":360,"column":6},"end":{"line":360,"column":82}},"173":{"start":{"line":362,"column":36},"end":{"line":362,"column":89}},"174":{"start":{"line":363,"column":6},"end":{"line":363,"column":74}},"175":{"start":{"line":368,"column":4},"end":{"line":389,"column":7}},"176":{"start":{"line":369,"column":28},"end":{"line":369,"column":68}},"177":{"start":{"line":370,"column":6},"end":{"line":370,"column":93}},"178":{"start":{"line":370,"column":46},"end":{"line":370,"column":91}},"179":{"start":{"line":375,"column":6},"end":{"line":375,"column":74}},"180":{"start":{"line":377,"column":6},"end":{"line":377,"column":57}},"181":{"start":{"line":378,"column":6},"end":{"line":378,"column":55}},"182":{"start":{"line":379,"column":6},"end":{"line":379,"column":54}},"183":{"start":{"line":380,"column":6},"end":{"line":380,"column":56}},"184":{"start":{"line":381,"column":6},"end":{"line":381,"column":50}},"185":{"start":{"line":382,"column":6},"end":{"line":382,"column":52}},"186":{"start":{"line":385,"column":6},"end":{"line":387,"column":7}},"187":{"start":{"line":386,"column":8},"end":{"line":386,"column":44}},"188":{"start":{"line":388,"column":6},"end":{"line":388,"column":97}},"189":{"start":{"line":388,"column":23},"end":{"line":388,"column":90}},"190":{"start":{"line":391,"column":4},"end":{"line":406,"column":7}},"191":{"start":{"line":392,"column":6},"end":{"line":405,"column":7}},"192":{"start":{"line":393,"column":29},"end":{"line":393,"column":47}},"193":{"start":{"line":394,"column":32},"end":{"line":394,"column":84}},"194":{"start":{"line":395,"column":33},"end":{"line":395,"column":83}},"195":{"start":{"line":396,"column":8},"end":{"line":396,"column":40}},"196":{"start":{"line":397,"column":8},"end":{"line":397,"column":95}},"197":{"start":{"line":398,"column":8},"end":{"line":398,"column":45}},"198":{"start":{"line":399,"column":8},"end":{"line":399,"column":60}},"199":{"start":{"line":401,"column":8},"end":{"line":404,"column":9}},"200":{"start":{"line":402,"column":10},"end":{"line":402,"column":119}},"201":{"start":{"line":403,"column":10},"end":{"line":403,"column":60}},"202":{"start":{"line":408,"column":3},"end":{"line":433,"column":5}},"203":{"start":{"line":409,"column":4},"end":{"line":432,"column":5}},"204":{"start":{"line":410,"column":31},"end":{"line":410,"column":54}},"205":{"start":{"line":411,"column":27},"end":{"line":411,"column":77}},"206":{"start":{"line":412,"column":28},"end":{"line":412,"column":58}},"207":{"start":{"line":413,"column":20},"end":{"line":413,"column":42}},"208":{"start":{"line":414,"column":19},"end":{"line":414,"column":40}},"209":{"start":{"line":415,"column":18},"end":{"line":415,"column":38}},"210":{"start":{"line":416,"column":16},"end":{"line":416,"column":34}},"211":{"start":{"line":417,"column":17},"end":{"line":417,"column":36}},"212":{"start":{"line":418,"column":20},"end":{"line":418,"column":42}},"213":{"start":{"line":420,"column":36},"end":{"line":420,"column":77}},"214":{"start":{"line":422,"column":33},"end":{"line":422,"column":139}},"215":{"start":{"line":424,"column":37},"end":{"line":424,"column":101}},"216":{"start":{"line":426,"column":6},"end":{"line":426,"column":49}},"217":{"start":{"line":427,"column":6},"end":{"line":427,"column":72}},"218":{"start":{"line":429,"column":6},"end":{"line":429,"column":30}},"219":{"start":{"line":430,"column":6},"end":{"line":430,"column":39}},"220":{"start":{"line":431,"column":6},"end":{"line":431,"column":39}},"221":{"start":{"line":438,"column":6},"end":{"line":438,"column":23}},"222":{"start":{"line":439,"column":6},"end":{"line":446,"column":7}},"223":{"start":{"line":441,"column":17},"end":{"line":441,"column":55}},"224":{"start":{"line":442,"column":8},"end":{"line":445,"column":21}},"225":{"start":{"line":448,"column":6},"end":{"line":448,"column":25}},"226":{"start":{"line":450,"column":6},"end":{"line":450,"column":18}},"227":{"start":{"line":454,"column":35},"end":{"line":454,"column":64}},"228":{"start":{"line":455,"column":6},"end":{"line":455,"column":62}},"229":{"start":{"line":456,"column":6},"end":{"line":456,"column":118}},"230":{"start":{"line":457,"column":6},"end":{"line":457,"column":143}},"231":{"start":{"line":459,"column":27},"end":{"line":459,"column":56}},"232":{"start":{"line":460,"column":6},"end":{"line":460,"column":57}},"233":{"start":{"line":461,"column":6},"end":{"line":461,"column":83}},"234":{"start":{"line":462,"column":6},"end":{"line":467,"column":7}},"235":{"start":{"line":463,"column":8},"end":{"line":463,"column":216}},"236":{"start":{"line":466,"column":8},"end":{"line":466,"column":194}},"237":{"start":{"line":468,"column":6},"end":{"line":468,"column":58}},"238":{"start":{"line":470,"column":6},"end":{"line":470,"column":57}},"239":{"start":{"line":471,"column":6},"end":{"line":471,"column":36}},"240":{"start":{"line":477,"column":4},"end":{"line":482,"column":5}},"241":{"start":{"line":478,"column":8},"end":{"line":478,"column":17}},"242":{"start":{"line":481,"column":8},"end":{"line":481,"column":38}},"243":{"start":{"line":488,"column":24},"end":{"line":488,"column":214}},"244":{"start":{"line":489,"column":4},"end":{"line":498,"column":5}},"245":{"start":{"line":490,"column":6},"end":{"line":493,"column":7}},"246":{"start":{"line":491,"column":30},"end":{"line":491,"column":122}},"247":{"start":{"line":492,"column":8},"end":{"line":492,"column":31}},"248":{"start":{"line":496,"column":28},"end":{"line":496,"column":121}},"249":{"start":{"line":497,"column":6},"end":{"line":497,"column":29}},"250":{"start":{"line":499,"column":4},"end":{"line":499,"column":89}},"251":{"start":{"line":504,"column":4},"end":{"line":508,"column":7}},"252":{"start":{"line":515,"column":4},"end":{"line":535,"column":7}},"253":{"start":{"line":518,"column":22},"end":{"line":518,"column":55}},"254":{"start":{"line":519,"column":23},"end":{"line":519,"column":57}},"255":{"start":{"line":520,"column":23},"end":{"line":520,"column":55}},"256":{"start":{"line":521,"column":29},"end":{"line":521,"column":82}},"257":{"start":{"line":522,"column":47},"end":{"line":522,"column":128}},"258":{"start":{"line":523,"column":30},"end":{"line":523,"column":84}},"259":{"start":{"line":524,"column":8},"end":{"line":533,"column":9}},"260":{"start":{"line":525,"column":24},"end":{"line":525,"column":25}},"261":{"start":{"line":526,"column":10},"end":{"line":526,"column":281}},"262":{"start":{"line":527,"column":10},"end":{"line":527,"column":31}},"263":{"start":{"line":530,"column":24},"end":{"line":530,"column":25}},"264":{"start":{"line":531,"column":10},"end":{"line":531,"column":281}},"265":{"start":{"line":532,"column":10},"end":{"line":532,"column":31}},"266":{"start":{"line":542,"column":4},"end":{"line":566,"column":7}},"267":{"start":{"line":552,"column":24},"end":{"line":552,"column":55}},"268":{"start":{"line":553,"column":25},"end":{"line":553,"column":57}},"269":{"start":{"line":554,"column":23},"end":{"line":554,"column":74}},"270":{"start":{"line":555,"column":29},"end":{"line":555,"column":101}},"271":{"start":{"line":556,"column":30},"end":{"line":556,"column":55}},"272":{"start":{"line":557,"column":8},"end":{"line":564,"column":9}},"273":{"start":{"line":558,"column":24},"end":{"line":558,"column":25}},"274":{"start":{"line":559,"column":10},"end":{"line":559,"column":277}},"275":{"start":{"line":562,"column":24},"end":{"line":562,"column":25}},"276":{"start":{"line":563,"column":10},"end":{"line":563,"column":277}}},"fnMap":{"0":{"name":"(anonymous_0)","decl":{"start":{"line":6,"column":18},"end":{"line":6,"column":19}},"loc":{"start":{"line":6,"column":29},"end":{"line":473,"column":3}},"line":6},"1":{"name":"(anonymous_1)","decl":{"start":{"line":57,"column":36},"end":{"line":57,"column":37}},"loc":{"start":{"line":57,"column":52},"end":{"line":61,"column":5}},"line":57},"2":{"name":"(anonymous_2)","decl":{"start":{"line":63,"column":38},"end":{"line":63,"column":39}},"loc":{"start":{"line":63,"column":54},"end":{"line":105,"column":5}},"line":63},"3":{"name":"(anonymous_3)","decl":{"start":{"line":107,"column":31},"end":{"line":107,"column":32}},"loc":{"start":{"line":107,"column":47},"end":{"line":113,"column":5}},"line":107},"4":{"name":"(anonymous_4)","decl":{"start":{"line":115,"column":34},"end":{"line":115,"column":35}},"loc":{"start":{"line":115,"column":50},"end":{"line":118,"column":5}},"line":115},"5":{"name":"(anonymous_5)","decl":{"start":{"line":120,"column":32},"end":{"line":120,"column":33}},"loc":{"start":{"line":120,"column":48},"end":{"line":123,"column":5}},"line":120},"6":{"name":"(anonymous_6)","decl":{"start":{"line":125,"column":32},"end":{"line":125,"column":33}},"loc":{"start":{"line":125,"column":48},"end":{"line":131,"column":5}},"line":125},"7":{"name":"(anonymous_7)","decl":{"start":{"line":133,"column":30},"end":{"line":133,"column":31}},"loc":{"start":{"line":133,"column":46},"end":{"line":143,"column":5}},"line":133},"8":{"name":"(anonymous_8)","decl":{"start":{"line":145,"column":35},"end":{"line":145,"column":36}},"loc":{"start":{"line":145,"column":51},"end":{"line":148,"column":5}},"line":145},"9":{"name":"(anonymous_9)","decl":{"start":{"line":150,"column":29},"end":{"line":150,"column":30}},"loc":{"start":{"line":150,"column":45},"end":{"line":153,"column":5}},"line":150},"10":{"name":"(anonymous_10)","decl":{"start":{"line":156,"column":25},"end":{"line":156,"column":26}},"loc":{"start":{"line":156,"column":36},"end":{"line":158,"column":5}},"line":156},"11":{"name":"(anonymous_11)","decl":{"start":{"line":160,"column":24},"end":{"line":160,"column":25}},"loc":{"start":{"line":160,"column":38},"end":{"line":162,"column":5}},"line":160},"12":{"name":"(anonymous_12)","decl":{"start":{"line":165,"column":35},"end":{"line":165,"column":36}},"loc":{"start":{"line":165,"column":49},"end":{"line":221,"column":5}},"line":165},"13":{"name":"(anonymous_13)","decl":{"start":{"line":223,"column":28},"end":{"line":223,"column":29}},"loc":{"start":{"line":223,"column":42},"end":{"line":231,"column":5}},"line":223},"14":{"name":"(anonymous_14)","decl":{"start":{"line":234,"column":35},"end":{"line":234,"column":36}},"loc":{"start":{"line":234,"column":49},"end":{"line":256,"column":5}},"line":234},"15":{"name":"(anonymous_15)","decl":{"start":{"line":248,"column":23},"end":{"line":248,"column":24}},"loc":{"start":{"line":248,"column":38},"end":{"line":252,"column":7}},"line":248},"16":{"name":"(anonymous_16)","decl":{"start":{"line":258,"column":29},"end":{"line":258,"column":30}},"loc":{"start":{"line":258,"column":43},"end":{"line":277,"column":5}},"line":258},"17":{"name":"(anonymous_17)","decl":{"start":{"line":279,"column":33},"end":{"line":279,"column":34}},"loc":{"start":{"line":279,"column":47},"end":{"line":287,"column":5}},"line":279},"18":{"name":"(anonymous_18)","decl":{"start":{"line":283,"column":17},"end":{"line":283,"column":18}},"loc":{"start":{"line":283,"column":28},"end":{"line":286,"column":7}},"line":283},"19":{"name":"(anonymous_19)","decl":{"start":{"line":289,"column":32},"end":{"line":289,"column":33}},"loc":{"start":{"line":289,"column":46},"end":{"line":310,"column":5}},"line":289},"20":{"name":"(anonymous_20)","decl":{"start":{"line":312,"column":30},"end":{"line":312,"column":31}},"loc":{"start":{"line":312,"column":44},"end":{"line":333,"column":5}},"line":312},"21":{"name":"(anonymous_21)","decl":{"start":{"line":335,"column":28},"end":{"line":335,"column":29}},"loc":{"start":{"line":335,"column":42},"end":{"line":337,"column":5}},"line":335},"22":{"name":"(anonymous_22)","decl":{"start":{"line":339,"column":28},"end":{"line":339,"column":29}},"loc":{"start":{"line":339,"column":42},"end":{"line":366,"column":5}},"line":339},"23":{"name":"(anonymous_23)","decl":{"start":{"line":368,"column":32},"end":{"line":368,"column":33}},"loc":{"start":{"line":368,"column":46},"end":{"line":389,"column":5}},"line":368},"24":{"name":"(anonymous_24)","decl":{"start":{"line":370,"column":41},"end":{"line":370,"column":42}},"loc":{"start":{"line":370,"column":46},"end":{"line":370,"column":91}},"line":370},"25":{"name":"(anonymous_25)","decl":{"start":{"line":388,"column":17},"end":{"line":388,"column":18}},"loc":{"start":{"line":388,"column":23},"end":{"line":388,"column":90}},"line":388},"26":{"name":"(anonymous_26)","decl":{"start":{"line":391,"column":54},"end":{"line":391,"column":55}},"loc":{"start":{"line":391,"column":68},"end":{"line":406,"column":5}},"line":391},"27":{"name":"(anonymous_27)","decl":{"start":{"line":408,"column":47},"end":{"line":408,"column":48}},"loc":{"start":{"line":408,"column":61},"end":{"line":433,"column":3}},"line":408},"28":{"name":"update_init_table","decl":{"start":{"line":437,"column":13},"end":{"line":437,"column":30}},"loc":{"start":{"line":437,"column":33},"end":{"line":451,"column":5}},"line":437},"29":{"name":"build_html_for_character_icon","decl":{"start":{"line":453,"column":13},"end":{"line":453,"column":42}},"loc":{"start":{"line":453,"column":109},"end":{"line":472,"column":5}},"line":453},"30":{"name":"compareSecondColumn","decl":{"start":{"line":476,"column":11},"end":{"line":476,"column":30}},"loc":{"start":{"line":476,"column":37},"end":{"line":484,"column":3}},"line":476},"31":{"name":"scrapeCharacterImage","decl":{"start":{"line":487,"column":11},"end":{"line":487,"column":31}},"loc":{"start":{"line":487,"column":66},"end":{"line":500,"column":3}},"line":487},"32":{"name":"reloadDraggable","decl":{"start":{"line":503,"column":11},"end":{"line":503,"column":26}},"loc":{"start":{"line":503,"column":34},"end":{"line":511,"column":3}},"line":503},"33":{"name":"reloadDroppable","decl":{"start":{"line":514,"column":11},"end":{"line":514,"column":26}},"loc":{"start":{"line":514,"column":43},"end":{"line":538,"column":3}},"line":514},"34":{"name":"(anonymous_34)","decl":{"start":{"line":517,"column":12},"end":{"line":517,"column":13}},"loc":{"start":{"line":517,"column":32},"end":{"line":534,"column":7}},"line":517},"35":{"name":"reloadResizable","decl":{"start":{"line":541,"column":11},"end":{"line":541,"column":26}},"loc":{"start":{"line":541,"column":44},"end":{"line":569,"column":3}},"line":541},"36":{"name":"(anonymous_36)","decl":{"start":{"line":550,"column":12},"end":{"line":550,"column":13}},"loc":{"start":{"line":550,"column":34},"end":{"line":565,"column":7}},"line":550}},"branchMap":{"0":{"loc":{"start":{"line":68,"column":6},"end":{"line":101,"column":9}},"type":"if","locations":[{"start":{"line":68,"column":6},"end":{"line":101,"column":9}},{"start":{"line":68,"column":6},"end":{"line":101,"column":9}}],"line":68},"1":{"loc":{"start":{"line":68,"column":10},"end":{"line":68,"column":63}},"type":"binary-expr","locations":[{"start":{"line":68,"column":10},"end":{"line":68,"column":28}},{"start":{"line":68,"column":32},"end":{"line":68,"column":63}}],"line":68},"2":{"loc":{"start":{"line":77,"column":11},"end":{"line":101,"column":9}},"type":"if","locations":[{"start":{"line":77,"column":11},"end":{"line":101,"column":9}},{"start":{"line":77,"column":11},"end":{"line":101,"column":9}}],"line":77},"3":{"loc":{"start":{"line":78,"column":8},"end":{"line":98,"column":9}},"type":"if","locations":[{"start":{"line":78,"column":8},"end":{"line":98,"column":9}},{"start":{"line":78,"column":8},"end":{"line":98,"column":9}}],"line":78},"4":{"loc":{"start":{"line":81,"column":10},"end":{"line":86,"column":11}},"type":"if","locations":[{"start":{"line":81,"column":10},"end":{"line":86,"column":11}},{"start":{"line":81,"column":10},"end":{"line":86,"column":11}}],"line":81},"5":{"loc":{"start":{"line":108,"column":6},"end":{"line":111,"column":7}},"type":"if","locations":[{"start":{"line":108,"column":6},"end":{"line":111,"column":7}},{"start":{"line":108,"column":6},"end":{"line":111,"column":7}}],"line":108},"6":{"loc":{"start":{"line":126,"column":6},"end":{"line":129,"column":7}},"type":"if","locations":[{"start":{"line":126,"column":6},"end":{"line":129,"column":7}},{"start":{"line":126,"column":6},"end":{"line":129,"column":7}}],"line":126},"7":{"loc":{"start":{"line":135,"column":6},"end":{"line":140,"column":7}},"type":"if","locations":[{"start":{"line":135,"column":6},"end":{"line":140,"column":7}},{"start":{"line":135,"column":6},"end":{"line":140,"column":7}}],"line":135},"8":{"loc":{"start":{"line":175,"column":6},"end":{"line":182,"column":7}},"type":"if","locations":[{"start":{"line":175,"column":6},"end":{"line":182,"column":7}},{"start":{"line":175,"column":6},"end":{"line":182,"column":7}}],"line":175},"9":{"loc":{"start":{"line":175,"column":10},"end":{"line":175,"column":73}},"type":"binary-expr","locations":[{"start":{"line":175,"column":10},"end":{"line":175,"column":45}},{"start":{"line":175,"column":49},"end":{"line":175,"column":73}}],"line":175},"10":{"loc":{"start":{"line":176,"column":8},"end":{"line":180,"column":9}},"type":"if","locations":[{"start":{"line":176,"column":8},"end":{"line":180,"column":9}},{"start":{"line":176,"column":8},"end":{"line":180,"column":9}}],"line":176},"11":{"loc":{"start":{"line":178,"column":10},"end":{"line":179,"column":63}},"type":"if","locations":[{"start":{"line":178,"column":10},"end":{"line":179,"column":63}},{"start":{"line":178,"column":10},"end":{"line":179,"column":63}}],"line":178},"12":{"loc":{"start":{"line":187,"column":6},"end":{"line":189,"column":7}},"type":"if","locations":[{"start":{"line":187,"column":6},"end":{"line":189,"column":7}},{"start":{"line":187,"column":6},"end":{"line":189,"column":7}}],"line":187},"13":{"loc":{"start":{"line":195,"column":6},"end":{"line":211,"column":7}},"type":"if","locations":[{"start":{"line":195,"column":6},"end":{"line":211,"column":7}},{"start":{"line":195,"column":6},"end":{"line":211,"column":7}}],"line":195},"14":{"loc":{"start":{"line":195,"column":10},"end":{"line":195,"column":71}},"type":"binary-expr","locations":[{"start":{"line":195,"column":10},"end":{"line":195,"column":36}},{"start":{"line":195,"column":40},"end":{"line":195,"column":71}}],"line":195},"15":{"loc":{"start":{"line":204,"column":11},"end":{"line":211,"column":7}},"type":"if","locations":[{"start":{"line":204,"column":11},"end":{"line":211,"column":7}},{"start":{"line":204,"column":11},"end":{"line":211,"column":7}}],"line":204},"16":{"loc":{"start":{"line":213,"column":6},"end":{"line":218,"column":7}},"type":"if","locations":[{"start":{"line":213,"column":6},"end":{"line":218,"column":7}},{"start":{"line":213,"column":6},"end":{"line":218,"column":7}}],"line":213},"17":{"loc":{"start":{"line":238,"column":8},"end":{"line":241,"column":9}},"type":"if","locations":[{"start":{"line":238,"column":8},"end":{"line":241,"column":9}},{"start":{"line":238,"column":8},"end":{"line":241,"column":9}}],"line":238},"18":{"loc":{"start":{"line":238,"column":12},"end":{"line":238,"column":88}},"type":"binary-expr","locations":[{"start":{"line":238,"column":12},"end":{"line":238,"column":51}},{"start":{"line":238,"column":55},"end":{"line":238,"column":88}}],"line":238},"19":{"loc":{"start":{"line":244,"column":6},"end":{"line":246,"column":7}},"type":"if","locations":[{"start":{"line":244,"column":6},"end":{"line":246,"column":7}},{"start":{"line":244,"column":6},"end":{"line":246,"column":7}}],"line":244},"20":{"loc":{"start":{"line":249,"column":16},"end":{"line":249,"column":57}},"type":"binary-expr","locations":[{"start":{"line":249,"column":16},"end":{"line":249,"column":27}},{"start":{"line":249,"column":33},"end":{"line":249,"column":57}}],"line":249},"21":{"loc":{"start":{"line":307,"column":6},"end":{"line":309,"column":7}},"type":"if","locations":[{"start":{"line":307,"column":6},"end":{"line":309,"column":7}},{"start":{"line":307,"column":6},"end":{"line":309,"column":7}}],"line":307},"22":{"loc":{"start":{"line":328,"column":6},"end":{"line":331,"column":7}},"type":"if","locations":[{"start":{"line":328,"column":6},"end":{"line":331,"column":7}},{"start":{"line":328,"column":6},"end":{"line":331,"column":7}}],"line":328},"23":{"loc":{"start":{"line":343,"column":6},"end":{"line":348,"column":7}},"type":"if","locations":[{"start":{"line":343,"column":6},"end":{"line":348,"column":7}},{"start":{"line":343,"column":6},"end":{"line":348,"column":7}}],"line":343},"24":{"loc":{"start":{"line":370,"column":46},"end":{"line":370,"column":91}},"type":"binary-expr","locations":[{"start":{"line":370,"column":46},"end":{"line":370,"column":68}},{"start":{"line":370,"column":72},"end":{"line":370,"column":91}}],"line":370},"25":{"loc":{"start":{"line":385,"column":6},"end":{"line":387,"column":7}},"type":"if","locations":[{"start":{"line":385,"column":6},"end":{"line":387,"column":7}},{"start":{"line":385,"column":6},"end":{"line":387,"column":7}}],"line":385},"26":{"loc":{"start":{"line":392,"column":6},"end":{"line":405,"column":7}},"type":"if","locations":[{"start":{"line":392,"column":6},"end":{"line":405,"column":7}},{"start":{"line":392,"column":6},"end":{"line":405,"column":7}}],"line":392},"27":{"loc":{"start":{"line":401,"column":8},"end":{"line":404,"column":9}},"type":"if","locations":[{"start":{"line":401,"column":8},"end":{"line":404,"column":9}},{"start":{"line":401,"column":8},"end":{"line":404,"column":9}}],"line":401},"28":{"loc":{"start":{"line":462,"column":6},"end":{"line":467,"column":7}},"type":"if","locations":[{"start":{"line":462,"column":6},"end":{"line":467,"column":7}},{"start":{"line":462,"column":6},"end":{"line":467,"column":7}}],"line":462},"29":{"loc":{"start":{"line":477,"column":4},"end":{"line":482,"column":5}},"type":"if","locations":[{"start":{"line":477,"column":4},"end":{"line":482,"column":5}},{"start":{"line":477,"column":4},"end":{"line":482,"column":5}}],"line":477},"30":{"loc":{"start":{"line":481,"column":15},"end":{"line":481,"column":37}},"type":"cond-expr","locations":[{"start":{"line":481,"column":31},"end":{"line":481,"column":33}},{"start":{"line":481,"column":36},"end":{"line":481,"column":37}}],"line":481},"31":{"loc":{"start":{"line":489,"column":4},"end":{"line":498,"column":5}},"type":"if","locations":[{"start":{"line":489,"column":4},"end":{"line":498,"column":5}},{"start":{"line":489,"column":4},"end":{"line":498,"column":5}}],"line":489},"32":{"loc":{"start":{"line":490,"column":6},"end":{"line":493,"column":7}},"type":"if","locations":[{"start":{"line":490,"column":6},"end":{"line":493,"column":7}},{"start":{"line":490,"column":6},"end":{"line":493,"column":7}}],"line":490},"33":{"loc":{"start":{"line":524,"column":8},"end":{"line":533,"column":9}},"type":"if","locations":[{"start":{"line":524,"column":8},"end":{"line":533,"column":9}},{"start":{"line":524,"column":8},"end":{"line":533,"column":9}}],"line":524},"34":{"loc":{"start":{"line":557,"column":8},"end":{"line":564,"column":9}},"type":"if","locations":[{"start":{"line":557,"column":8},"end":{"line":564,"column":9}},{"start":{"line":557,"column":8},"end":{"line":564,"column":9}}],"line":557}},"s":{"0":1,"1":1,"2":0,"3":0,"4":0,"5":0,"6":0,"7":0,"8":0,"9":0,"10":0,"11":0,"12":0,"13":0,"14":0,"15":0,"16":0,"17":0,"18":0,"19":0,"20":0,"21":0,"22":0,"23":0,"24":0,"25":0,"26":0,"27":0,"28":0,"29":0,"30":0,"31":0,"32":0,"33":0,"34":0,"35":0,"36":0,"37":0,"38":0,"39":0,"40":0,"41":0,"42":0,"43":0,"44":0,"45":0,"46":0,"47":0,"48":0,"49":0,"50":0,"51":0,"52":0,"53":0,"54":0,"55":0,"56":0,"57":0,"58":0,"59":0,"60":0,"61":0,"62":0,"63":0,"64":0,"65":0,"66":0,"67":0,"68":0,"69":0,"70":0,"71":0,"72":0,"73":0,"74":0,"75":0,"76":0,"77":0,"78":0,"79":0,"80":0,"81":0,"82":0,"83":0,"84":0,"85":0,"86":0,"87":0,"88":0,"89":0,"90":0,"91":0,"92":0,"93":0,"94":0,"95":0,"96":0,"97":0,"98":0,"99":0,"100":0,"101":0,"102":0,"103":0,"104":0,"105":0,"106":0,"107":0,"108":0,"109":0,"110":0,"111":0,"112":0,"113":0,"114":0,"115":0,"116":0,"117":0,"118":0,"119":0,"120":0,"121":0,"122":0,"123":0,"124":0,"125":0,"126":0,"127":0,"128":0,"129":0,"130":0,"131":0,"132":0,"133":0,"134":0,"135":0,"136":0,"137":0,"138":0,"139":0,"140":0,"141":0,"142":0,"143":0,"144":0,"145":0,"146":0,"147":0,"148":0,"149":0,"150":0,"151":0,"152":0,"153":0,"154":0,"155":0,"156":0,"157":0,"158":0,"159":0,"160":0,"161":0,"162":0,"163":0,"164":0,"165":0,"166":0,"167":0,"168":0,"169":0,"170":0,"171":0,"172":0,"173":0,"174":0,"175":0,"176":0,"177":0,"178":0,"179":0,"180":0,"181":0,"182":0,"183":0,"184":0,"185":0,"186":0,"187":0,"188":0,"189":0,"190":0,"191":0,"192":0,"193":0,"194":0,"195":0,"196":0,"197":0,"198":0,"199":0,"200":0,"201":0,"202":0,"203":0,"204":0,"205":0,"206":0,"207":0,"208":0,"209":0,"210":0,"211":0,"212":0,"213":0,"214":0,"215":0,"216":0,"217":0,"218":0,"219":0,"220":0,"221":0,"222":0,"223":0,"224":0,"225":0,"226":0,"227":0,"228":0,"229":0,"230":0,"231":0,"232":0,"233":0,"234":0,"235":0,"236":0,"237":0,"238":0,"239":0,"240":0,"241":0,"242":0,"243":0,"244":0,"245":0,"246":0,"247":0,"248":0,"249":0,"250":0,"251":0,"252":0,"253":0,"254":0,"255":0,"256":0,"257":0,"258":0,"259":0,"260":0,"261":0,"262":0,"263":0,"264":0,"265":0,"266":0,"267":0,"268":0,"269":0,"270":0,"271":0,"272":0,"273":0,"274":0,"275":0,"276":0},"f":{"0":0,"1":0,"2":0,"3":0,"4":0,"5":0,"6":0,"7":0,"8":0,"9":0,"10":0,"11":0,"12":0,"13":0,"14":0,"15":0,"16":0,"17":0,"18":0,"19":0,"20":0,"21":0,"22":0,"23":0,"24":0,"25":0,"26":0,"27":0,"28":0,"29":0,"30":0,"31":0,"32":0,"33":0,"34":0,"35":0,"36":0},"b":{"0":[0,0],"1":[0,0],"2":[0,0],"3":[0,0],"4":[0,0],"5":[0,0],"6":[0,0],"7":[0,0],"8":[0,0],"9":[0,0],"10":[0,0],"11":[0,0],"12":[0,0],"13":[0,0],"14":[0,0],"15":[0,0],"16":[0,0],"17":[0,0],"18":[0,0],"19":[0,0],"20":[0,0],"21":[0,0],"22":[0,0],"23":[0,0],"24":[0,0],"25":[0,0],"26":[0,0],"27":[0,0],"28":[0,0],"29":[0,0],"30":[0,0],"31":[0,0],"32":[0,0],"33":[0,0],"34":[0,0]},"_coverageSchema":"1a1c01bbd47fc00a2c39e90264f33305004495a9","hash":"289195dc2cdac4258953e1b806771b72a91e3dec"}
}
