TN:
SF:tests/dm_play_script.js
FN:6,(anonymous_0)
FN:57,(anonymous_1)
FN:63,(anonymous_2)
FN:107,(anonymous_3)
FN:115,(anonymous_4)
FN:120,(anonymous_5)
FN:125,(anonymous_6)
FN:133,(anonymous_7)
FN:145,(anonymous_8)
FN:150,(anonymous_9)
FN:156,(anonymous_10)
FN:160,(anonymous_11)
FN:165,(anonymous_12)
FN:223,(anonymous_13)
FN:234,(anonymous_14)
FN:248,(anonymous_15)
FN:258,(anonymous_16)
FN:279,(anonymous_17)
FN:283,(anonymous_18)
FN:289,(anonymous_19)
FN:312,(anonymous_20)
FN:335,(anonymous_21)
FN:339,(anonymous_22)
FN:368,(anonymous_23)
FN:370,(anonymous_24)
FN:388,(anonymous_25)
FN:391,(anonymous_26)
FN:408,(anonymous_27)
FN:437,update_init_table
FN:453,build_html_for_character_icon
FN:476,compareSecondColumn
FN:487,scrapeCharacterImage
FN:503,reloadDraggable
FN:514,reloadDroppable
FN:517,(anonymous_34)
FN:541,reloadResizable
FN:550,(anonymous_36)
FNF:37
FNH:0
FNDA:0,(anonymous_0)
FNDA:0,(anonymous_1)
FNDA:0,(anonymous_2)
FNDA:0,(anonymous_3)
FNDA:0,(anonymous_4)
FNDA:0,(anonymous_5)
FNDA:0,(anonymous_6)
FNDA:0,(anonymous_7)
FNDA:0,(anonymous_8)
FNDA:0,(anonymous_9)
FNDA:0,(anonymous_10)
FNDA:0,(anonymous_11)
FNDA:0,(anonymous_12)
FNDA:0,(anonymous_13)
FNDA:0,(anonymous_14)
FNDA:0,(anonymous_15)
FNDA:0,(anonymous_16)
FNDA:0,(anonymous_17)
FNDA:0,(anonymous_18)
FNDA:0,(anonymous_19)
FNDA:0,(anonymous_20)
FNDA:0,(anonymous_21)
FNDA:0,(anonymous_22)
FNDA:0,(anonymous_23)
FNDA:0,(anonymous_24)
FNDA:0,(anonymous_25)
FNDA:0,(anonymous_26)
FNDA:0,(anonymous_27)
FNDA:0,update_init_table
FNDA:0,build_html_for_character_icon
FNDA:0,compareSecondColumn
FNDA:0,scrapeCharacterImage
FNDA:0,reloadDraggable
FNDA:0,reloadDroppable
FNDA:0,(anonymous_34)
FNDA:0,reloadResizable
FNDA:0,(anonymous_36)
DA:3,1
DA:6,1
DA:7,0
DA:18,0
DA:19,0
DA:20,0
DA:21,0
DA:25,0
DA:46,0
DA:52,0
DA:57,0
DA:58,0
DA:59,0
DA:60,0
DA:63,0
DA:67,0
DA:68,0
DA:69,0
DA:75,0
DA:77,0
DA:78,0
DA:80,0
DA:81,0
DA:82,0
DA:85,0
DA:92,0
DA:99,0
DA:104,0
DA:107,0
DA:108,0
DA:109,0
DA:110,0
DA:112,0
DA:115,0
DA:116,0
DA:117,0
DA:120,0
DA:121,0
DA:122,0
DA:125,0
DA:126,0
DA:127,0
DA:128,0
DA:130,0
DA:133,0
DA:134,0
DA:135,0
DA:136,0
DA:139,0
DA:141,0
DA:142,0
DA:145,0
DA:146,0
DA:147,0
DA:150,0
DA:151,0
DA:152,0
DA:156,0
DA:157,0
DA:160,0
DA:161,0
DA:165,0
DA:167,0
DA:168,0
DA:169,0
DA:170,0
DA:171,0
DA:172,0
DA:175,0
DA:176,0
DA:177,0
DA:178,0
DA:179,0
DA:181,0
DA:184,0
DA:185,0
DA:187,0
DA:188,0
DA:191,0
DA:195,0
DA:196,0
DA:197,0
DA:198,0
DA:200,0
DA:201,0
DA:204,0
DA:205,0
DA:206,0
DA:208,0
DA:209,0
DA:213,0
DA:214,0
DA:215,0
DA:216,0
DA:217,0
DA:223,0
DA:224,0
DA:225,0
DA:226,0
DA:227,0
DA:228,0
DA:229,0
DA:230,0
DA:234,0
DA:235,0
DA:237,0
DA:238,0
DA:239,0
DA:240,0
DA:244,0
DA:245,0
DA:248,0
DA:249,0
DA:254,0
DA:255,0
DA:258,0
DA:259,0
DA:260,0
DA:261,0
DA:262,0
DA:263,0
DA:275,0
DA:276,0
DA:279,0
DA:280,0
DA:281,0
DA:282,0
DA:283,0
DA:284,0
DA:285,0
DA:289,0
DA:290,0
DA:291,0
DA:295,0
DA:297,0
DA:298,0
DA:300,0
DA:301,0
DA:302,0
DA:303,0
DA:304,0
DA:305,0
DA:307,0
DA:308,0
DA:312,0
DA:313,0
DA:316,0
DA:318,0
DA:320,0
DA:321,0
DA:322,0
DA:323,0
DA:325,0
DA:326,0
DA:328,0
DA:329,0
DA:330,0
DA:332,0
DA:335,0
DA:336,0
DA:339,0
DA:342,0
DA:343,0
DA:344,0
DA:347,0
DA:349,0
DA:350,0
DA:351,0
DA:354,0
DA:356,0
DA:357,0
DA:359,0
DA:360,0
DA:362,0
DA:363,0
DA:368,0
DA:369,0
DA:370,0
DA:375,0
DA:377,0
DA:378,0
DA:379,0
DA:380,0
DA:381,0
DA:382,0
DA:385,0
DA:386,0
DA:388,0
DA:391,0
DA:392,0
DA:393,0
DA:394,0
DA:395,0
DA:396,0
DA:397,0
DA:398,0
DA:399,0
DA:401,0
DA:402,0
DA:403,0
DA:408,0
DA:409,0
DA:410,0
DA:411,0
DA:412,0
DA:413,0
DA:414,0
DA:415,0
DA:416,0
DA:417,0
DA:418,0
DA:420,0
DA:422,0
DA:424,0
DA:426,0
DA:427,0
DA:429,0
DA:430,0
DA:431,0
DA:438,0
DA:439,0
DA:441,0
DA:442,0
DA:448,0
DA:450,0
DA:454,0
DA:455,0
DA:456,0
DA:457,0
DA:459,0
DA:460,0
DA:461,0
DA:462,0
DA:463,0
DA:466,0
DA:468,0
DA:470,0
DA:471,0
DA:477,0
DA:478,0
DA:481,0
DA:488,0
DA:489,0
DA:490,0
DA:491,0
DA:492,0
DA:496,0
DA:497,0
DA:499,0
DA:504,0
DA:515,0
DA:518,0
DA:519,0
DA:520,0
DA:521,0
DA:522,0
DA:523,0
DA:524,0
DA:525,0
DA:526,0
DA:527,0
DA:530,0
DA:531,0
DA:532,0
DA:542,0
DA:552,0
DA:553,0
DA:554,0
DA:555,0
DA:556,0
DA:557,0
DA:558,0
DA:559,0
DA:562,0
DA:563,0
LF:275
LH:2
BRDA:68,0,0,0
BRDA:68,0,1,0
BRDA:68,1,0,0
BRDA:68,1,1,0
BRDA:77,2,0,0
BRDA:77,2,1,0
BRDA:78,3,0,0
BRDA:78,3,1,0
BRDA:81,4,0,0
BRDA:81,4,1,0
BRDA:108,5,0,0
BRDA:108,5,1,0
BRDA:126,6,0,0
BRDA:126,6,1,0
BRDA:135,7,0,0
BRDA:135,7,1,0
BRDA:175,8,0,0
BRDA:175,8,1,0
BRDA:175,9,0,0
BRDA:175,9,1,0
BRDA:176,10,0,0
BRDA:176,10,1,0
BRDA:178,11,0,0
BRDA:178,11,1,0
BRDA:187,12,0,0
BRDA:187,12,1,0
BRDA:195,13,0,0
BRDA:195,13,1,0
BRDA:195,14,0,0
BRDA:195,14,1,0
BRDA:204,15,0,0
BRDA:204,15,1,0
BRDA:213,16,0,0
BRDA:213,16,1,0
BRDA:238,17,0,0
BRDA:238,17,1,0
BRDA:238,18,0,0
BRDA:238,18,1,0
BRDA:244,19,0,0
BRDA:244,19,1,0
BRDA:249,20,0,0
BRDA:249,20,1,0
BRDA:307,21,0,0
BRDA:307,21,1,0
BRDA:328,22,0,0
BRDA:328,22,1,0
BRDA:343,23,0,0
BRDA:343,23,1,0
BRDA:370,24,0,0
BRDA:370,24,1,0
BRDA:385,25,0,0
BRDA:385,25,1,0
BRDA:392,26,0,0
BRDA:392,26,1,0
BRDA:401,27,0,0
BRDA:401,27,1,0
BRDA:462,28,0,0
BRDA:462,28,1,0
BRDA:477,29,0,0
BRDA:477,29,1,0
BRDA:481,30,0,0
BRDA:481,30,1,0
BRDA:489,31,0,0
BRDA:489,31,1,0
BRDA:490,32,0,0
BRDA:490,32,1,0
BRDA:524,33,0,0
BRDA:524,33,1,0
BRDA:557,34,0,0
BRDA:557,34,1,0
BRF:70
BRH:0
end_of_record
